<?xml version="1.0" encoding="UTF-8"?>
<testng-results skipped="0" failed="0" ignored="0" total="1" passed="1">
  <reporter-output>
  </reporter-output>
  <suite name="Default suite" duration-ms="3979" started-at="2020-12-08T11:42:03Z" finished-at="2020-12-08T11:42:07Z">
    <groups>
    </groups>
    <test name="Default test" duration-ms="3979" started-at="2020-12-08T11:42:03Z" finished-at="2020-12-08T11:42:07Z">
      <class name="com.RMG.GitAPI.OAuth2Test">
        <test-method status="PASS" signature="oAuthTest()[pri:0, instance:com.RMG.GitAPI.OAuth2Test@77caeb3e]" name="oAuthTest" duration-ms="3956" started-at="2020-12-08T11:42:03Z" finished-at="2020-12-08T11:42:07Z">
          <reporter-output>
          </reporter-output>
        </test-method> <!-- oAuthTest -->
      </class> <!-- com.RMG.GitAPI.OAuth2Test -->
    </test> <!-- Default test -->
  </suite> <!-- Default suite -->
</testng-results>
