<?xml version="1.0" encoding="UTF-8"?>
<testng-results skipped="0" failed="0" ignored="0" total="1" passed="1">
  <reporter-output>
  </reporter-output>
  <suite name="Default suite" duration-ms="1089" started-at="2020-12-08T12:14:17Z" finished-at="2020-12-08T12:14:18Z">
    <groups>
    </groups>
    <test name="Default test" duration-ms="1089" started-at="2020-12-08T12:14:17Z" finished-at="2020-12-08T12:14:18Z">
      <class name="com.RMG.Base.DataBaseLib">
        <test-method status="PASS" signature="databaseTest()[pri:0, instance:com.RMG.Base.DataBaseLib@77caeb3e]" name="databaseTest" duration-ms="1012" started-at="2020-12-08T12:14:17Z" finished-at="2020-12-08T12:14:18Z">
          <reporter-output>
          </reporter-output>
        </test-method> <!-- databaseTest -->
      </class> <!-- com.RMG.Base.DataBaseLib -->
    </test> <!-- Default test -->
  </suite> <!-- Default suite -->
</testng-results>
